[reuse-mismatch] rerun fd=3 out=C:\Users\micha\zGTFinal\outputs\publication_phd_final\strict_main\fd003 (seed/source/fraction or request manifest mismatch)
C:\Users\micha\AppData\Local\Programs\Python\Python313\python.exe C:\Users\micha\zGTFinal\scripts\run_full_pipeline_strict.py --fd 3 --data-root data/rul_datasets --out-dir C:\Users\micha\zGTFinal\outputs\publication_phd_final\strict_main\fd003 --epochs 15 --batch-size 2048 --seed 42 --calibration-source dev_holdout --calibration-fraction 0.2 --lambda-bet 0.07 --min-persistence 0.5 --alert-patience 3 --tau-max 1000 --predict-batch-size 8192 --surface-topology-scope all
C:\Users\micha\AppData\Local\Programs\Python\Python313\python.exe C:\Users\micha\zGTFinal\scripts\run_full_pipeline.py --fd 3 --data-root data/rul_datasets --out-dir C:\Users\micha\zGTFinal\outputs\publication_phd_final\strict_main\fd003 --epochs 15 --batch-size 2048 --seed 42 --healthy-rul-floor 1.0 --lambda-bet 0.07 --evidence-mode fixed_tau --min-persistence 0.5 --alert-patience 3 --tau-max 1000 --predict-batch-size 8192 --calibration-source dev_holdout --calibration-fraction 0.2 --pvalue-safety-margin 0.18 --calibration-bins 12 --calibration-min-bin-size 128 --surface-topology-scope all --topology-level full
C:\Users\micha\zGTFinal\scripts\download_cmapss.py --fds 3 --data-root data/rul_datasets
FD003 ready at C:\Users\micha\zGTFinal\data\rul_datasets
C:\Users\micha\zGTFinal\scripts\train_fast_cmapss.py --fd 3 --data-root data/rul_datasets --epochs 15 --batch-size 2048 --seed 42 --healthy-rul-floor 1.0 --calibration-source dev_holdout --calibration-fraction 0.2 --out-dir C:\Users\micha\zGTFinal\outputs\publication_phd_final\strict_main\fd003
Saved checkpoint: C:\Users\micha\zGTFinal\outputs\publication_phd_final\strict_main\fd003\model_fd003.pt
Saved calibration residuals: C:\Users\micha\zGTFinal\outputs\publication_phd_final\strict_main\fd003\calibration_residuals_fd003.npy
Saved calibration bundle: C:\Users\micha\zGTFinal\outputs\publication_phd_final\strict_main\fd003\calibration_bundle_fd003.npz
FD003 | Val RMSE=18.172 | Test(last) RMSE=23.515 | Test(last) MAE=16.617 | Train sec=16.3
C:\Users\micha\zGTFinal\scripts\run_tem_cmapss.py --fd 3 --data-root data/rul_datasets --checkpoint C:\Users\micha\zGTFinal\outputs\publication_phd_final\strict_main\fd003\model_fd003.pt --calibration C:\Users\micha\zGTFinal\outputs\publication_phd_final\strict_main\fd003\calibration_bundle_fd003.npz --lambda-bet 0.07 --evidence-mode fixed_tau --tau-max 1000 --min-persistence 0.5 --alert-patience 3 --predict-batch-size 8192 --pvalue-safety-margin 0.18 --calibration-bins 12 --calibration-min-bin-size 128 --topology-level full --surface-topology-scope all --audit-cache C:\Users\micha\zGTFinal\outputs\publication_phd_final\strict_main\fd003\audit_cache_fd003.npz --out-dir C:\Users\micha\zGTFinal\outputs\publication_phd_final\strict_main\fd003
FD003 TEM complete | engines=100 | alert_rate=0.000 | tau_violation_rate=0.035 | rul_coverage=0.989
Saved: C:\Users\micha\zGTFinal\outputs\publication_phd_final\strict_main\fd003\tem_metrics_fd003.json
Saved audit cache: C:\Users\micha\zGTFinal\outputs\publication_phd_final\strict_main\fd003\audit_cache_fd003.npz
C:\Users\micha\zGTFinal\scripts\audit_tem.py --fd 3 --data-root data/rul_datasets --checkpoint C:\Users\micha\zGTFinal\outputs\publication_phd_final\strict_main\fd003\model_fd003.pt --calibration C:\Users\micha\zGTFinal\outputs\publication_phd_final\strict_main\fd003\calibration_bundle_fd003.npz --lambda-bet 0.07 --evidence-mode fixed_tau --tau-max 1000 --predict-batch-size 8192 --pvalue-safety-margin 0.18 --calibration-bins 12 --calibration-min-bin-size 128 --cache C:\Users\micha\zGTFinal\outputs\publication_phd_final\strict_main\fd003\audit_cache_fd003.npz --tem-metrics C:\Users\micha\zGTFinal\outputs\publication_phd_final\strict_main\fd003\tem_metrics_fd003.json --out-dir C:\Users\micha\zGTFinal\outputs\publication_phd_final\strict_main\fd003
Saved audit: C:\Users\micha\zGTFinal\outputs\publication_phd_final\strict_main\fd003\audit_fd003.json
FD003 audit | healthy mean_p=0.687 | tau_violation_rate=0.035
C:\Users\micha\AppData\Local\Programs\Python\Python313\python.exe C:\Users\micha\zGTFinal\scripts\deep_check_results.py --outputs-root C:\Users\micha\zGTFinal\outputs\publication_phd_final\strict_main --report-path C:\Users\micha\zGTFinal\outputs\publication_phd_final\deep_check_report_strict_main.json
Scanned: {'tem_metrics': 4, 'audit': 4, 'synthetic': 0}
Findings: 0
Saved report: C:\Users\micha\zGTFinal\outputs\publication_phd_final\deep_check_report_strict_main.json
C:\Users\micha\AppData\Local\Programs\Python\Python313\python.exe C:\Users\micha\zGTFinal\scripts\deep_check_regimes.py --run-dirs C:\Users\micha\zGTFinal\outputs\publication_phd_final\strict_main\fd001 C:\Users\micha\zGTFinal\outputs\publication_phd_final\strict_main\fd002 C:\Users\micha\zGTFinal\outputs\publication_phd_final\strict_main\fd003 C:\Users\micha\zGTFinal\outputs\publication_phd_final\strict_main\fd004 --healthy-rul-floor 100 --require-surface-topology --out-json C:\Users\micha\zGTFinal\outputs\publication_phd_final\deep_check_regimes.json --out-md C:\Users\micha\zGTFinal\outputs\publication_phd_final\deep_check_regimes.md
Runs checked: 4
Findings: 0
Saved JSON: C:\Users\micha\zGTFinal\outputs\publication_phd_final\deep_check_regimes.json
Saved Markdown: C:\Users\micha\zGTFinal\outputs\publication_phd_final\deep_check_regimes.md
C:\Users\micha\AppData\Local\Programs\Python\Python313\python.exe C:\Users\micha\zGTFinal\scripts\analyze_topology_rul_landscape.py --run-dirs C:\Users\micha\zGTFinal\outputs\publication_phd_final\strict_main\fd001 C:\Users\micha\zGTFinal\outputs\publication_phd_final\strict_main\fd002 C:\Users\micha\zGTFinal\outputs\publication_phd_final\strict_main\fd003 C:\Users\micha\zGTFinal\outputs\publication_phd_final\strict_main\fd004 --out-json C:\Users\micha\zGTFinal\outputs\publication_phd_final\topology_rul_landscape.json --out-md C:\Users\micha\zGTFinal\outputs\publication_phd_final\topology_rul_landscape.md --fig-dir C:\Users\micha\zGTFinal\outputs\publication_phd_final\topology_rul_figs --bootstrap 1500
Saved JSON: C:\Users\micha\zGTFinal\outputs\publication_phd_final\topology_rul_landscape.json
Saved Markdown: C:\Users\micha\zGTFinal\outputs\publication_phd_final\topology_rul_landscape.md
Saved figures under: C:\Users\micha\zGTFinal\outputs\publication_phd_final\topology_rul_figs
[reuse-mismatch] rerun fd=3 out=C:\Users\micha\zGTFinal\outputs\publication_phd_final\seed_repro\seed_0041\fd003 (seed/source/fraction or request manifest mismatch)
C:\Users\micha\AppData\Local\Programs\Python\Python313\python.exe C:\Users\micha\zGTFinal\scripts\run_full_pipeline_strict.py --fd 3 --data-root data/rul_datasets --out-dir C:\Users\micha\zGTFinal\outputs\publication_phd_final\seed_repro\seed_0041\fd003 --epochs 15 --batch-size 2048 --seed 41 --calibration-source dev_holdout --calibration-fraction 0.2 --lambda-bet 0.07 --min-persistence 0.5 --alert-patience 3 --tau-max 1000 --predict-batch-size 8192 --surface-topology-scope all
C:\Users\micha\AppData\Local\Programs\Python\Python313\python.exe C:\Users\micha\zGTFinal\scripts\run_full_pipeline.py --fd 3 --data-root data/rul_datasets --out-dir C:\Users\micha\zGTFinal\outputs\publication_phd_final\seed_repro\seed_0041\fd003 --epochs 15 --batch-size 2048 --seed 41 --healthy-rul-floor 1.0 --lambda-bet 0.07 --evidence-mode fixed_tau --min-persistence 0.5 --alert-patience 3 --tau-max 1000 --predict-batch-size 8192 --calibration-source dev_holdout --calibration-fraction 0.2 --pvalue-safety-margin 0.18 --calibration-bins 12 --calibration-min-bin-size 128 --surface-topology-scope all --topology-level full
C:\Users\micha\zGTFinal\scripts\download_cmapss.py --fds 3 --data-root data/rul_datasets
FD003 ready at C:\Users\micha\zGTFinal\data\rul_datasets
C:\Users\micha\zGTFinal\scripts\train_fast_cmapss.py --fd 3 --data-root data/rul_datasets --epochs 15 --batch-size 2048 --seed 41 --healthy-rul-floor 1.0 --calibration-source dev_holdout --calibration-fraction 0.2 --out-dir C:\Users\micha\zGTFinal\outputs\publication_phd_final\seed_repro\seed_0041\fd003
Saved checkpoint: C:\Users\micha\zGTFinal\outputs\publication_phd_final\seed_repro\seed_0041\fd003\model_fd003.pt
Saved calibration residuals: C:\Users\micha\zGTFinal\outputs\publication_phd_final\seed_repro\seed_0041\fd003\calibration_residuals_fd003.npy
Saved calibration bundle: C:\Users\micha\zGTFinal\outputs\publication_phd_final\seed_repro\seed_0041\fd003\calibration_bundle_fd003.npz
FD003 | Val RMSE=17.668 | Test(last) RMSE=22.907 | Test(last) MAE=16.334 | Train sec=14.2
C:\Users\micha\zGTFinal\scripts\run_tem_cmapss.py --fd 3 --data-root data/rul_datasets --checkpoint C:\Users\micha\zGTFinal\outputs\publication_phd_final\seed_repro\seed_0041\fd003\model_fd003.pt --calibration C:\Users\micha\zGTFinal\outputs\publication_phd_final\seed_repro\seed_0041\fd003\calibration_bundle_fd003.npz --lambda-bet 0.07 --evidence-mode fixed_tau --tau-max 1000 --min-persistence 0.5 --alert-patience 3 --predict-batch-size 8192 --pvalue-safety-margin 0.18 --calibration-bins 12 --calibration-min-bin-size 128 --topology-level full --surface-topology-scope all --audit-cache C:\Users\micha\zGTFinal\outputs\publication_phd_final\seed_repro\seed_0041\fd003\audit_cache_fd003.npz --out-dir C:\Users\micha\zGTFinal\outputs\publication_phd_final\seed_repro\seed_0041\fd003
FD003 TEM complete | engines=100 | alert_rate=0.000 | tau_violation_rate=0.035 | rul_coverage=0.991
Saved: C:\Users\micha\zGTFinal\outputs\publication_phd_final\seed_repro\seed_0041\fd003\tem_metrics_fd003.json
Saved audit cache: C:\Users\micha\zGTFinal\outputs\publication_phd_final\seed_repro\seed_0041\fd003\audit_cache_fd003.npz
C:\Users\micha\zGTFinal\scripts\audit_tem.py --fd 3 --data-root data/rul_datasets --checkpoint C:\Users\micha\zGTFinal\outputs\publication_phd_final\seed_repro\seed_0041\fd003\model_fd003.pt --calibration C:\Users\micha\zGTFinal\outputs\publication_phd_final\seed_repro\seed_0041\fd003\calibration_bundle_fd003.npz --lambda-bet 0.07 --evidence-mode fixed_tau --tau-max 1000 --predict-batch-size 8192 --pvalue-safety-margin 0.18 --calibration-bins 12 --calibration-min-bin-size 128 --cache C:\Users\micha\zGTFinal\outputs\publication_phd_final\seed_repro\seed_0041\fd003\audit_cache_fd003.npz --tem-metrics C:\Users\micha\zGTFinal\outputs\publication_phd_final\seed_repro\seed_0041\fd003\tem_metrics_fd003.json --out-dir C:\Users\micha\zGTFinal\outputs\publication_phd_final\seed_repro\seed_0041\fd003
Saved audit: C:\Users\micha\zGTFinal\outputs\publication_phd_final\seed_repro\seed_0041\fd003\audit_fd003.json
FD003 audit | healthy mean_p=0.718 | tau_violation_rate=0.035
[reuse-mismatch] rerun fd=3 out=C:\Users\micha\zGTFinal\outputs\publication_phd_final\seed_repro\seed_0042\fd003 (seed/source/fraction or request manifest mismatch)
C:\Users\micha\AppData\Local\Programs\Python\Python313\python.exe C:\Users\micha\zGTFinal\scripts\run_full_pipeline_strict.py --fd 3 --data-root data/rul_datasets --out-dir C:\Users\micha\zGTFinal\outputs\publication_phd_final\seed_repro\seed_0042\fd003 --epochs 15 --batch-size 2048 --seed 42 --calibration-source dev_holdout --calibration-fraction 0.2 --lambda-bet 0.07 --min-persistence 0.5 --alert-patience 3 --tau-max 1000 --predict-batch-size 8192 --surface-topology-scope all
C:\Users\micha\AppData\Local\Programs\Python\Python313\python.exe C:\Users\micha\zGTFinal\scripts\run_full_pipeline.py --fd 3 --data-root data/rul_datasets --out-dir C:\Users\micha\zGTFinal\outputs\publication_phd_final\seed_repro\seed_0042\fd003 --epochs 15 --batch-size 2048 --seed 42 --healthy-rul-floor 1.0 --lambda-bet 0.07 --evidence-mode fixed_tau --min-persistence 0.5 --alert-patience 3 --tau-max 1000 --predict-batch-size 8192 --calibration-source dev_holdout --calibration-fraction 0.2 --pvalue-safety-margin 0.18 --calibration-bins 12 --calibration-min-bin-size 128 --surface-topology-scope all --topology-level full
C:\Users\micha\zGTFinal\scripts\download_cmapss.py --fds 3 --data-root data/rul_datasets
FD003 ready at C:\Users\micha\zGTFinal\data\rul_datasets
C:\Users\micha\zGTFinal\scripts\train_fast_cmapss.py --fd 3 --data-root data/rul_datasets --epochs 15 --batch-size 2048 --seed 42 --healthy-rul-floor 1.0 --calibration-source dev_holdout --calibration-fraction 0.2 --out-dir C:\Users\micha\zGTFinal\outputs\publication_phd_final\seed_repro\seed_0042\fd003
Saved checkpoint: C:\Users\micha\zGTFinal\outputs\publication_phd_final\seed_repro\seed_0042\fd003\model_fd003.pt
Saved calibration residuals: C:\Users\micha\zGTFinal\outputs\publication_phd_final\seed_repro\seed_0042\fd003\calibration_residuals_fd003.npy
Saved calibration bundle: C:\Users\micha\zGTFinal\outputs\publication_phd_final\seed_repro\seed_0042\fd003\calibration_bundle_fd003.npz
FD003 | Val RMSE=18.176 | Test(last) RMSE=23.527 | Test(last) MAE=16.624 | Train sec=17.2
C:\Users\micha\zGTFinal\scripts\run_tem_cmapss.py --fd 3 --data-root data/rul_datasets --checkpoint C:\Users\micha\zGTFinal\outputs\publication_phd_final\seed_repro\seed_0042\fd003\model_fd003.pt --calibration C:\Users\micha\zGTFinal\outputs\publication_phd_final\seed_repro\seed_0042\fd003\calibration_bundle_fd003.npz --lambda-bet 0.07 --evidence-mode fixed_tau --tau-max 1000 --min-persistence 0.5 --alert-patience 3 --predict-batch-size 8192 --pvalue-safety-margin 0.18 --calibration-bins 12 --calibration-min-bin-size 128 --topology-level full --surface-topology-scope all --audit-cache C:\Users\micha\zGTFinal\outputs\publication_phd_final\seed_repro\seed_0042\fd003\audit_cache_fd003.npz --out-dir C:\Users\micha\zGTFinal\outputs\publication_phd_final\seed_repro\seed_0042\fd003
FD003 TEM complete | engines=100 | alert_rate=0.000 | tau_violation_rate=0.035 | rul_coverage=0.989
Saved: C:\Users\micha\zGTFinal\outputs\publication_phd_final\seed_repro\seed_0042\fd003\tem_metrics_fd003.json
Saved audit cache: C:\Users\micha\zGTFinal\outputs\publication_phd_final\seed_repro\seed_0042\fd003\audit_cache_fd003.npz
C:\Users\micha\zGTFinal\scripts\audit_tem.py --fd 3 --data-root data/rul_datasets --checkpoint C:\Users\micha\zGTFinal\outputs\publication_phd_final\seed_repro\seed_0042\fd003\model_fd003.pt --calibration C:\Users\micha\zGTFinal\outputs\publication_phd_final\seed_repro\seed_0042\fd003\calibration_bundle_fd003.npz --lambda-bet 0.07 --evidence-mode fixed_tau --tau-max 1000 --predict-batch-size 8192 --pvalue-safety-margin 0.18 --calibration-bins 12 --calibration-min-bin-size 128 --cache C:\Users\micha\zGTFinal\outputs\publication_phd_final\seed_repro\seed_0042\fd003\audit_cache_fd003.npz --tem-metrics C:\Users\micha\zGTFinal\outputs\publication_phd_final\seed_repro\seed_0042\fd003\tem_metrics_fd003.json --out-dir C:\Users\micha\zGTFinal\outputs\publication_phd_final\seed_repro\seed_0042\fd003
Saved audit: C:\Users\micha\zGTFinal\outputs\publication_phd_final\seed_repro\seed_0042\fd003\audit_fd003.json
FD003 audit | healthy mean_p=0.686 | tau_violation_rate=0.035
[reuse-mismatch] rerun fd=3 out=C:\Users\micha\zGTFinal\outputs\publication_phd_final\seed_repro\seed_0043\fd003 (seed/source/fraction or request manifest mismatch)
C:\Users\micha\AppData\Local\Programs\Python\Python313\python.exe C:\Users\micha\zGTFinal\scripts\run_full_pipeline_strict.py --fd 3 --data-root data/rul_datasets --out-dir C:\Users\micha\zGTFinal\outputs\publication_phd_final\seed_repro\seed_0043\fd003 --epochs 15 --batch-size 2048 --seed 43 --calibration-source dev_holdout --calibration-fraction 0.2 --lambda-bet 0.07 --min-persistence 0.5 --alert-patience 3 --tau-max 1000 --predict-batch-size 8192 --surface-topology-scope all
C:\Users\micha\AppData\Local\Programs\Python\Python313\python.exe C:\Users\micha\zGTFinal\scripts\run_full_pipeline.py --fd 3 --data-root data/rul_datasets --out-dir C:\Users\micha\zGTFinal\outputs\publication_phd_final\seed_repro\seed_0043\fd003 --epochs 15 --batch-size 2048 --seed 43 --healthy-rul-floor 1.0 --lambda-bet 0.07 --evidence-mode fixed_tau --min-persistence 0.5 --alert-patience 3 --tau-max 1000 --predict-batch-size 8192 --calibration-source dev_holdout --calibration-fraction 0.2 --pvalue-safety-margin 0.18 --calibration-bins 12 --calibration-min-bin-size 128 --surface-topology-scope all --topology-level full
C:\Users\micha\zGTFinal\scripts\download_cmapss.py --fds 3 --data-root data/rul_datasets
FD003 ready at C:\Users\micha\zGTFinal\data\rul_datasets
C:\Users\micha\zGTFinal\scripts\train_fast_cmapss.py --fd 3 --data-root data/rul_datasets --epochs 15 --batch-size 2048 --seed 43 --healthy-rul-floor 1.0 --calibration-source dev_holdout --calibration-fraction 0.2 --out-dir C:\Users\micha\zGTFinal\outputs\publication_phd_final\seed_repro\seed_0043\fd003
Saved checkpoint: C:\Users\micha\zGTFinal\outputs\publication_phd_final\seed_repro\seed_0043\fd003\model_fd003.pt
Saved calibration residuals: C:\Users\micha\zGTFinal\outputs\publication_phd_final\seed_repro\seed_0043\fd003\calibration_residuals_fd003.npy
Saved calibration bundle: C:\Users\micha\zGTFinal\outputs\publication_phd_final\seed_repro\seed_0043\fd003\calibration_bundle_fd003.npz
FD003 | Val RMSE=17.567 | Test(last) RMSE=23.118 | Test(last) MAE=16.263 | Train sec=19.3
C:\Users\micha\zGTFinal\scripts\run_tem_cmapss.py --fd 3 --data-root data/rul_datasets --checkpoint C:\Users\micha\zGTFinal\outputs\publication_phd_final\seed_repro\seed_0043\fd003\model_fd003.pt --calibration C:\Users\micha\zGTFinal\outputs\publication_phd_final\seed_repro\seed_0043\fd003\calibration_bundle_fd003.npz --lambda-bet 0.07 --evidence-mode fixed_tau --tau-max 1000 --min-persistence 0.5 --alert-patience 3 --predict-batch-size 8192 --pvalue-safety-margin 0.18 --calibration-bins 12 --calibration-min-bin-size 128 --topology-level full --surface-topology-scope all --audit-cache C:\Users\micha\zGTFinal\outputs\publication_phd_final\seed_repro\seed_0043\fd003\audit_cache_fd003.npz --out-dir C:\Users\micha\zGTFinal\outputs\publication_phd_final\seed_repro\seed_0043\fd003
FD003 TEM complete | engines=100 | alert_rate=0.000 | tau_violation_rate=0.035 | rul_coverage=0.994
Saved: C:\Users\micha\zGTFinal\outputs\publication_phd_final\seed_repro\seed_0043\fd003\tem_metrics_fd003.json
Saved audit cache: C:\Users\micha\zGTFinal\outputs\publication_phd_final\seed_repro\seed_0043\fd003\audit_cache_fd003.npz
C:\Users\micha\zGTFinal\scripts\audit_tem.py --fd 3 --data-root data/rul_datasets --checkpoint C:\Users\micha\zGTFinal\outputs\publication_phd_final\seed_repro\seed_0043\fd003\model_fd003.pt --calibration C:\Users\micha\zGTFinal\outputs\publication_phd_final\seed_repro\seed_0043\fd003\calibration_bundle_fd003.npz --lambda-bet 0.07 --evidence-mode fixed_tau --tau-max 1000 --predict-batch-size 8192 --pvalue-safety-margin 0.18 --calibration-bins 12 --calibration-min-bin-size 128 --cache C:\Users\micha\zGTFinal\outputs\publication_phd_final\seed_repro\seed_0043\fd003\audit_cache_fd003.npz --tem-metrics C:\Users\micha\zGTFinal\outputs\publication_phd_final\seed_repro\seed_0043\fd003\tem_metrics_fd003.json --out-dir C:\Users\micha\zGTFinal\outputs\publication_phd_final\seed_repro\seed_0043\fd003
Saved audit: C:\Users\micha\zGTFinal\outputs\publication_phd_final\seed_repro\seed_0043\fd003\audit_fd003.json
FD003 audit | healthy mean_p=0.742 | tau_violation_rate=0.035
[reuse-mismatch] rerun fd=3 out=C:\Users\micha\zGTFinal\outputs\publication_phd_final\split_robustness\val\fd003 (seed/source/fraction or request manifest mismatch)
C:\Users\micha\AppData\Local\Programs\Python\Python313\python.exe C:\Users\micha\zGTFinal\scripts\run_full_pipeline_strict.py --fd 3 --data-root data/rul_datasets --out-dir C:\Users\micha\zGTFinal\outputs\publication_phd_final\split_robustness\val\fd003 --epochs 15 --batch-size 2048 --seed 42 --calibration-source val --calibration-fraction 0.2 --lambda-bet 0.07 --min-persistence 0.5 --alert-patience 3 --tau-max 1000 --predict-batch-size 8192 --surface-topology-scope all
C:\Users\micha\AppData\Local\Programs\Python\Python313\python.exe C:\Users\micha\zGTFinal\scripts\run_full_pipeline.py --fd 3 --data-root data/rul_datasets --out-dir C:\Users\micha\zGTFinal\outputs\publication_phd_final\split_robustness\val\fd003 --epochs 15 --batch-size 2048 --seed 42 --healthy-rul-floor 1.0 --lambda-bet 0.07 --evidence-mode fixed_tau --min-persistence 0.5 --alert-patience 3 --tau-max 1000 --predict-batch-size 8192 --calibration-source val --calibration-fraction 0.2 --pvalue-safety-margin 0.18 --calibration-bins 12 --calibration-min-bin-size 128 --surface-topology-scope all --topology-level full
C:\Users\micha\zGTFinal\scripts\download_cmapss.py --fds 3 --data-root data/rul_datasets
FD003 ready at C:\Users\micha\zGTFinal\data\rul_datasets
C:\Users\micha\zGTFinal\scripts\train_fast_cmapss.py --fd 3 --data-root data/rul_datasets --epochs 15 --batch-size 2048 --seed 42 --healthy-rul-floor 1.0 --calibration-source val --calibration-fraction 0.2 --out-dir C:\Users\micha\zGTFinal\outputs\publication_phd_final\split_robustness\val\fd003
Saved checkpoint: C:\Users\micha\zGTFinal\outputs\publication_phd_final\split_robustness\val\fd003\model_fd003.pt
Saved calibration residuals: C:\Users\micha\zGTFinal\outputs\publication_phd_final\split_robustness\val\fd003\calibration_residuals_fd003.npy
Saved calibration bundle: C:\Users\micha\zGTFinal\outputs\publication_phd_final\split_robustness\val\fd003\calibration_bundle_fd003.npz
FD003 | Val RMSE=17.763 | Test(last) RMSE=22.285 | Test(last) MAE=16.053 | Train sec=16.1
C:\Users\micha\zGTFinal\scripts\run_tem_cmapss.py --fd 3 --data-root data/rul_datasets --checkpoint C:\Users\micha\zGTFinal\outputs\publication_phd_final\split_robustness\val\fd003\model_fd003.pt --calibration C:\Users\micha\zGTFinal\outputs\publication_phd_final\split_robustness\val\fd003\calibration_bundle_fd003.npz --lambda-bet 0.07 --evidence-mode fixed_tau --tau-max 1000 --min-persistence 0.5 --alert-patience 3 --predict-batch-size 8192 --pvalue-safety-margin 0.18 --calibration-bins 12 --calibration-min-bin-size 128 --topology-level full --surface-topology-scope all --audit-cache C:\Users\micha\zGTFinal\outputs\publication_phd_final\split_robustness\val\fd003\audit_cache_fd003.npz --out-dir C:\Users\micha\zGTFinal\outputs\publication_phd_final\split_robustness\val\fd003
FD003 TEM complete | engines=100 | alert_rate=0.000 | tau_violation_rate=0.035 | rul_coverage=0.996
Saved: C:\Users\micha\zGTFinal\outputs\publication_phd_final\split_robustness\val\fd003\tem_metrics_fd003.json
Saved audit cache: C:\Users\micha\zGTFinal\outputs\publication_phd_final\split_robustness\val\fd003\audit_cache_fd003.npz
C:\Users\micha\zGTFinal\scripts\audit_tem.py --fd 3 --data-root data/rul_datasets --checkpoint C:\Users\micha\zGTFinal\outputs\publication_phd_final\split_robustness\val\fd003\model_fd003.pt --calibration C:\Users\micha\zGTFinal\outputs\publication_phd_final\split_robustness\val\fd003\calibration_bundle_fd003.npz --lambda-bet 0.07 --evidence-mode fixed_tau --tau-max 1000 --predict-batch-size 8192 --pvalue-safety-margin 0.18 --calibration-bins 12 --calibration-min-bin-size 128 --cache C:\Users\micha\zGTFinal\outputs\publication_phd_final\split_robustness\val\fd003\audit_cache_fd003.npz --tem-metrics C:\Users\micha\zGTFinal\outputs\publication_phd_final\split_robustness\val\fd003\tem_metrics_fd003.json --out-dir C:\Users\micha\zGTFinal\outputs\publication_phd_final\split_robustness\val\fd003
Saved audit: C:\Users\micha\zGTFinal\outputs\publication_phd_final\split_robustness\val\fd003\audit_fd003.json
FD003 audit | healthy mean_p=0.752 | tau_violation_rate=0.035
[reuse-mismatch] rerun fd=3 out=C:\Users\micha\zGTFinal\outputs\publication_phd_final\split_robustness\dev_holdout\fd003 (seed/source/fraction or request manifest mismatch)
C:\Users\micha\AppData\Local\Programs\Python\Python313\python.exe C:\Users\micha\zGTFinal\scripts\run_full_pipeline_strict.py --fd 3 --data-root data/rul_datasets --out-dir C:\Users\micha\zGTFinal\outputs\publication_phd_final\split_robustness\dev_holdout\fd003 --epochs 15 --batch-size 2048 --seed 42 --calibration-source dev_holdout --calibration-fraction 0.2 --lambda-bet 0.07 --min-persistence 0.5 --alert-patience 3 --tau-max 1000 --predict-batch-size 8192 --surface-topology-scope all
C:\Users\micha\AppData\Local\Programs\Python\Python313\python.exe C:\Users\micha\zGTFinal\scripts\run_full_pipeline.py --fd 3 --data-root data/rul_datasets --out-dir C:\Users\micha\zGTFinal\outputs\publication_phd_final\split_robustness\dev_holdout\fd003 --epochs 15 --batch-size 2048 --seed 42 --healthy-rul-floor 1.0 --lambda-bet 0.07 --evidence-mode fixed_tau --min-persistence 0.5 --alert-patience 3 --tau-max 1000 --predict-batch-size 8192 --calibration-source dev_holdout --calibration-fraction 0.2 --pvalue-safety-margin 0.18 --calibration-bins 12 --calibration-min-bin-size 128 --surface-topology-scope all --topology-level full
C:\Users\micha\zGTFinal\scripts\download_cmapss.py --fds 3 --data-root data/rul_datasets
FD003 ready at C:\Users\micha\zGTFinal\data\rul_datasets
C:\Users\micha\zGTFinal\scripts\train_fast_cmapss.py --fd 3 --data-root data/rul_datasets --epochs 15 --batch-size 2048 --seed 42 --healthy-rul-floor 1.0 --calibration-source dev_holdout --calibration-fraction 0.2 --out-dir C:\Users\micha\zGTFinal\outputs\publication_phd_final\split_robustness\dev_holdout\fd003
Saved checkpoint: C:\Users\micha\zGTFinal\outputs\publication_phd_final\split_robustness\dev_holdout\fd003\model_fd003.pt
Saved calibration residuals: C:\Users\micha\zGTFinal\outputs\publication_phd_final\split_robustness\dev_holdout\fd003\calibration_residuals_fd003.npy
Saved calibration bundle: C:\Users\micha\zGTFinal\outputs\publication_phd_final\split_robustness\dev_holdout\fd003\calibration_bundle_fd003.npz
FD003 | Val RMSE=18.172 | Test(last) RMSE=23.520 | Test(last) MAE=16.613 | Train sec=16.5
C:\Users\micha\zGTFinal\scripts\run_tem_cmapss.py --fd 3 --data-root data/rul_datasets --checkpoint C:\Users\micha\zGTFinal\outputs\publication_phd_final\split_robustness\dev_holdout\fd003\model_fd003.pt --calibration C:\Users\micha\zGTFinal\outputs\publication_phd_final\split_robustness\dev_holdout\fd003\calibration_bundle_fd003.npz --lambda-bet 0.07 --evidence-mode fixed_tau --tau-max 1000 --min-persistence 0.5 --alert-patience 3 --predict-batch-size 8192 --pvalue-safety-margin 0.18 --calibration-bins 12 --calibration-min-bin-size 128 --topology-level full --surface-topology-scope all --audit-cache C:\Users\micha\zGTFinal\outputs\publication_phd_final\split_robustness\dev_holdout\fd003\audit_cache_fd003.npz --out-dir C:\Users\micha\zGTFinal\outputs\publication_phd_final\split_robustness\dev_holdout\fd003
FD003 TEM complete | engines=100 | alert_rate=0.000 | tau_violation_rate=0.035 | rul_coverage=0.989
Saved: C:\Users\micha\zGTFinal\outputs\publication_phd_final\split_robustness\dev_holdout\fd003\tem_metrics_fd003.json
Saved audit cache: C:\Users\micha\zGTFinal\outputs\publication_phd_final\split_robustness\dev_holdout\fd003\audit_cache_fd003.npz
C:\Users\micha\zGTFinal\scripts\audit_tem.py --fd 3 --data-root data/rul_datasets --checkpoint C:\Users\micha\zGTFinal\outputs\publication_phd_final\split_robustness\dev_holdout\fd003\model_fd003.pt --calibration C:\Users\micha\zGTFinal\outputs\publication_phd_final\split_robustness\dev_holdout\fd003\calibration_bundle_fd003.npz --lambda-bet 0.07 --evidence-mode fixed_tau --tau-max 1000 --predict-batch-size 8192 --pvalue-safety-margin 0.18 --calibration-bins 12 --calibration-min-bin-size 128 --cache C:\Users\micha\zGTFinal\outputs\publication_phd_final\split_robustness\dev_holdout\fd003\audit_cache_fd003.npz --tem-metrics C:\Users\micha\zGTFinal\outputs\publication_phd_final\split_robustness\dev_holdout\fd003\tem_metrics_fd003.json --out-dir C:\Users\micha\zGTFinal\outputs\publication_phd_final\split_robustness\dev_holdout\fd003
Saved audit: C:\Users\micha\zGTFinal\outputs\publication_phd_final\split_robustness\dev_holdout\fd003\audit_fd003.json
FD003 audit | healthy mean_p=0.688 | tau_violation_rate=0.035
[reuse-mismatch] rerun tem/audit fd=3 out=C:\Users\micha\zGTFinal\outputs\publication_phd_final\evidence_mode\fixed_tau\fd003 (checkpoint/config mismatch)
C:\Users\micha\AppData\Local\Programs\Python\Python313\python.exe C:\Users\micha\zGTFinal\scripts\run_tem_cmapss.py --fd 3 --data-root data/rul_datasets --checkpoint C:\Users\micha\zGTFinal\outputs\publication_phd_final\strict_main\fd003\model_fd003.pt --calibration C:\Users\micha\zGTFinal\outputs\publication_phd_final\strict_main\fd003\calibration_bundle_fd003.npz --alpha 0.05 --lambda-bet 0.07 --evidence-mode fixed_tau --tau-max 1000 --min-persistence 0.5 --alert-patience 3 --predict-batch-size 8192 --pvalue-safety-margin 0.18 --calibration-bins 12 --calibration-min-bin-size 128 --topology-level full --surface-topology-scope all --audit-cache C:\Users\micha\zGTFinal\outputs\publication_phd_final\evidence_mode\fixed_tau\fd003\audit_cache_fd003.npz --out-dir C:\Users\micha\zGTFinal\outputs\publication_phd_final\evidence_mode\fixed_tau\fd003
FD003 TEM complete | engines=100 | alert_rate=0.000 | tau_violation_rate=0.035 | rul_coverage=0.989
Saved: C:\Users\micha\zGTFinal\outputs\publication_phd_final\evidence_mode\fixed_tau\fd003\tem_metrics_fd003.json
Saved audit cache: C:\Users\micha\zGTFinal\outputs\publication_phd_final\evidence_mode\fixed_tau\fd003\audit_cache_fd003.npz
C:\Users\micha\AppData\Local\Programs\Python\Python313\python.exe C:\Users\micha\zGTFinal\scripts\audit_tem.py --fd 3 --data-root data/rul_datasets --checkpoint C:\Users\micha\zGTFinal\outputs\publication_phd_final\strict_main\fd003\model_fd003.pt --calibration C:\Users\micha\zGTFinal\outputs\publication_phd_final\strict_main\fd003\calibration_bundle_fd003.npz --alpha 0.05 --lambda-bet 0.07 --evidence-mode fixed_tau --tau-max 1000 --predict-batch-size 8192 --pvalue-safety-margin 0.18 --calibration-bins 12 --calibration-min-bin-size 128 --cache C:\Users\micha\zGTFinal\outputs\publication_phd_final\evidence_mode\fixed_tau\fd003\audit_cache_fd003.npz --tem-metrics C:\Users\micha\zGTFinal\outputs\publication_phd_final\evidence_mode\fixed_tau\fd003\tem_metrics_fd003.json --out-dir C:\Users\micha\zGTFinal\outputs\publication_phd_final\evidence_mode\fixed_tau\fd003
Saved audit: C:\Users\micha\zGTFinal\outputs\publication_phd_final\evidence_mode\fixed_tau\fd003\audit_fd003.json
FD003 audit | healthy mean_p=0.687 | tau_violation_rate=0.035
[reuse-mismatch] rerun tem/audit fd=3 out=C:\Users\micha\zGTFinal\outputs\publication_phd_final\evidence_mode\marginal_rul\fd003 (checkpoint/config mismatch)
C:\Users\micha\AppData\Local\Programs\Python\Python313\python.exe C:\Users\micha\zGTFinal\scripts\run_tem_cmapss.py --fd 3 --data-root data/rul_datasets --checkpoint C:\Users\micha\zGTFinal\outputs\publication_phd_final\strict_main\fd003\model_fd003.pt --calibration C:\Users\micha\zGTFinal\outputs\publication_phd_final\strict_main\fd003\calibration_bundle_fd003.npz --alpha 0.05 --lambda-bet 0.07 --evidence-mode marginal_rul --tau-max 1000 --min-persistence 0.5 --alert-patience 3 --predict-batch-size 8192 --pvalue-safety-margin 0.18 --calibration-bins 12 --calibration-min-bin-size 128 --topology-level full --surface-topology-scope all --audit-cache C:\Users\micha\zGTFinal\outputs\publication_phd_final\evidence_mode\marginal_rul\fd003\audit_cache_fd003.npz --out-dir C:\Users\micha\zGTFinal\outputs\publication_phd_final\evidence_mode\marginal_rul\fd003
FD003 TEM complete | engines=100 | alert_rate=0.000 | tau_violation_rate=0.035 | rul_coverage=0.989
Saved: C:\Users\micha\zGTFinal\outputs\publication_phd_final\evidence_mode\marginal_rul\fd003\tem_metrics_fd003.json
Saved audit cache: C:\Users\micha\zGTFinal\outputs\publication_phd_final\evidence_mode\marginal_rul\fd003\audit_cache_fd003.npz
C:\Users\micha\AppData\Local\Programs\Python\Python313\python.exe C:\Users\micha\zGTFinal\scripts\audit_tem.py --fd 3 --data-root data/rul_datasets --checkpoint C:\Users\micha\zGTFinal\outputs\publication_phd_final\strict_main\fd003\model_fd003.pt --calibration C:\Users\micha\zGTFinal\outputs\publication_phd_final\strict_main\fd003\calibration_bundle_fd003.npz --alpha 0.05 --lambda-bet 0.07 --evidence-mode marginal_rul --tau-max 1000 --predict-batch-size 8192 --pvalue-safety-margin 0.18 --calibration-bins 12 --calibration-min-bin-size 128 --cache C:\Users\micha\zGTFinal\outputs\publication_phd_final\evidence_mode\marginal_rul\fd003\audit_cache_fd003.npz --tem-metrics C:\Users\micha\zGTFinal\outputs\publication_phd_final\evidence_mode\marginal_rul\fd003\tem_metrics_fd003.json --out-dir C:\Users\micha\zGTFinal\outputs\publication_phd_final\evidence_mode\marginal_rul\fd003
Saved audit: C:\Users\micha\zGTFinal\outputs\publication_phd_final\evidence_mode\marginal_rul\fd003\audit_fd003.json
FD003 audit | healthy mean_p=0.687 | tau_violation_rate=0.035
[reuse-mismatch] rerun tem/audit fd=3 out=C:\Users\micha\zGTFinal\outputs\publication_phd_final\alpha_sweep\a0p01\fd003 (checkpoint/config mismatch)
C:\Users\micha\AppData\Local\Programs\Python\Python313\python.exe C:\Users\micha\zGTFinal\scripts\run_tem_cmapss.py --fd 3 --data-root data/rul_datasets --checkpoint C:\Users\micha\zGTFinal\outputs\publication_phd_final\strict_main\fd003\model_fd003.pt --calibration C:\Users\micha\zGTFinal\outputs\publication_phd_final\strict_main\fd003\calibration_bundle_fd003.npz --alpha 0.01 --lambda-bet 0.07 --evidence-mode fixed_tau --tau-max 1000 --min-persistence 0.5 --alert-patience 3 --predict-batch-size 8192 --pvalue-safety-margin 0.18 --calibration-bins 12 --calibration-min-bin-size 128 --topology-level full --surface-topology-scope all --audit-cache C:\Users\micha\zGTFinal\outputs\publication_phd_final\alpha_sweep\a0p01\fd003\audit_cache_fd003.npz --out-dir C:\Users\micha\zGTFinal\outputs\publication_phd_final\alpha_sweep\a0p01\fd003
FD003 TEM complete | engines=100 | alert_rate=0.000 | tau_violation_rate=0.012 | rul_coverage=0.997
Saved: C:\Users\micha\zGTFinal\outputs\publication_phd_final\alpha_sweep\a0p01\fd003\tem_metrics_fd003.json
Saved audit cache: C:\Users\micha\zGTFinal\outputs\publication_phd_final\alpha_sweep\a0p01\fd003\audit_cache_fd003.npz
C:\Users\micha\AppData\Local\Programs\Python\Python313\python.exe C:\Users\micha\zGTFinal\scripts\audit_tem.py --fd 3 --data-root data/rul_datasets --checkpoint C:\Users\micha\zGTFinal\outputs\publication_phd_final\strict_main\fd003\model_fd003.pt --calibration C:\Users\micha\zGTFinal\outputs\publication_phd_final\strict_main\fd003\calibration_bundle_fd003.npz --alpha 0.01 --lambda-bet 0.07 --evidence-mode fixed_tau --tau-max 1000 --predict-batch-size 8192 --pvalue-safety-margin 0.18 --calibration-bins 12 --calibration-min-bin-size 128 --cache C:\Users\micha\zGTFinal\outputs\publication_phd_final\alpha_sweep\a0p01\fd003\audit_cache_fd003.npz --tem-metrics C:\Users\micha\zGTFinal\outputs\publication_phd_final\alpha_sweep\a0p01\fd003\tem_metrics_fd003.json --out-dir C:\Users\micha\zGTFinal\outputs\publication_phd_final\alpha_sweep\a0p01\fd003
Saved audit: C:\Users\micha\zGTFinal\outputs\publication_phd_final\alpha_sweep\a0p01\fd003\audit_fd003.json
FD003 audit | healthy mean_p=0.687 | tau_violation_rate=0.012
[reuse-mismatch] rerun tem/audit fd=3 out=C:\Users\micha\zGTFinal\outputs\publication_phd_final\alpha_sweep\a0p05\fd003 (checkpoint/config mismatch)
C:\Users\micha\AppData\Local\Programs\Python\Python313\python.exe C:\Users\micha\zGTFinal\scripts\run_tem_cmapss.py --fd 3 --data-root data/rul_datasets --checkpoint C:\Users\micha\zGTFinal\outputs\publication_phd_final\strict_main\fd003\model_fd003.pt --calibration C:\Users\micha\zGTFinal\outputs\publication_phd_final\strict_main\fd003\calibration_bundle_fd003.npz --alpha 0.05 --lambda-bet 0.07 --evidence-mode fixed_tau --tau-max 1000 --min-persistence 0.5 --alert-patience 3 --predict-batch-size 8192 --pvalue-safety-margin 0.18 --calibration-bins 12 --calibration-min-bin-size 128 --topology-level full --surface-topology-scope all --audit-cache C:\Users\micha\zGTFinal\outputs\publication_phd_final\alpha_sweep\a0p05\fd003\audit_cache_fd003.npz --out-dir C:\Users\micha\zGTFinal\outputs\publication_phd_final\alpha_sweep\a0p05\fd003
FD003 TEM complete | engines=100 | alert_rate=0.000 | tau_violation_rate=0.035 | rul_coverage=0.989
Saved: C:\Users\micha\zGTFinal\outputs\publication_phd_final\alpha_sweep\a0p05\fd003\tem_metrics_fd003.json
Saved audit cache: C:\Users\micha\zGTFinal\outputs\publication_phd_final\alpha_sweep\a0p05\fd003\audit_cache_fd003.npz
C:\Users\micha\AppData\Local\Programs\Python\Python313\python.exe C:\Users\micha\zGTFinal\scripts\audit_tem.py --fd 3 --data-root data/rul_datasets --checkpoint C:\Users\micha\zGTFinal\outputs\publication_phd_final\strict_main\fd003\model_fd003.pt --calibration C:\Users\micha\zGTFinal\outputs\publication_phd_final\strict_main\fd003\calibration_bundle_fd003.npz --alpha 0.05 --lambda-bet 0.07 --evidence-mode fixed_tau --tau-max 1000 --predict-batch-size 8192 --pvalue-safety-margin 0.18 --calibration-bins 12 --calibration-min-bin-size 128 --cache C:\Users\micha\zGTFinal\outputs\publication_phd_final\alpha_sweep\a0p05\fd003\audit_cache_fd003.npz --tem-metrics C:\Users\micha\zGTFinal\outputs\publication_phd_final\alpha_sweep\a0p05\fd003\tem_metrics_fd003.json --out-dir C:\Users\micha\zGTFinal\outputs\publication_phd_final\alpha_sweep\a0p05\fd003
Saved audit: C:\Users\micha\zGTFinal\outputs\publication_phd_final\alpha_sweep\a0p05\fd003\audit_fd003.json
FD003 audit | healthy mean_p=0.687 | tau_violation_rate=0.035
[reuse-mismatch] rerun tem/audit fd=3 out=C:\Users\micha\zGTFinal\outputs\publication_phd_final\alpha_sweep\a0p1\fd003 (checkpoint/config mismatch)
C:\Users\micha\AppData\Local\Programs\Python\Python313\python.exe C:\Users\micha\zGTFinal\scripts\run_tem_cmapss.py --fd 3 --data-root data/rul_datasets --checkpoint C:\Users\micha\zGTFinal\outputs\publication_phd_final\strict_main\fd003\model_fd003.pt --calibration C:\Users\micha\zGTFinal\outputs\publication_phd_final\strict_main\fd003\calibration_bundle_fd003.npz --alpha 0.1 --lambda-bet 0.07 --evidence-mode fixed_tau --tau-max 1000 --min-persistence 0.5 --alert-patience 3 --predict-batch-size 8192 --pvalue-safety-margin 0.18 --calibration-bins 12 --calibration-min-bin-size 128 --topology-level full --surface-topology-scope all --audit-cache C:\Users\micha\zGTFinal\outputs\publication_phd_final\alpha_sweep\a0p1\fd003\audit_cache_fd003.npz --out-dir C:\Users\micha\zGTFinal\outputs\publication_phd_final\alpha_sweep\a0p1\fd003
FD003 TEM complete | engines=100 | alert_rate=0.010 | tau_violation_rate=0.071 | rul_coverage=0.982
Saved: C:\Users\micha\zGTFinal\outputs\publication_phd_final\alpha_sweep\a0p1\fd003\tem_metrics_fd003.json
Saved audit cache: C:\Users\micha\zGTFinal\outputs\publication_phd_final\alpha_sweep\a0p1\fd003\audit_cache_fd003.npz
C:\Users\micha\AppData\Local\Programs\Python\Python313\python.exe C:\Users\micha\zGTFinal\scripts\audit_tem.py --fd 3 --data-root data/rul_datasets --checkpoint C:\Users\micha\zGTFinal\outputs\publication_phd_final\strict_main\fd003\model_fd003.pt --calibration C:\Users\micha\zGTFinal\outputs\publication_phd_final\strict_main\fd003\calibration_bundle_fd003.npz --alpha 0.1 --lambda-bet 0.07 --evidence-mode fixed_tau --tau-max 1000 --predict-batch-size 8192 --pvalue-safety-margin 0.18 --calibration-bins 12 --calibration-min-bin-size 128 --cache C:\Users\micha\zGTFinal\outputs\publication_phd_final\alpha_sweep\a0p1\fd003\audit_cache_fd003.npz --tem-metrics C:\Users\micha\zGTFinal\outputs\publication_phd_final\alpha_sweep\a0p1\fd003\tem_metrics_fd003.json --out-dir C:\Users\micha\zGTFinal\outputs\publication_phd_final\alpha_sweep\a0p1\fd003
Saved audit: C:\Users\micha\zGTFinal\outputs\publication_phd_final\alpha_sweep\a0p1\fd003\audit_fd003.json
FD003 audit | healthy mean_p=0.687 | tau_violation_rate=0.071
[reuse-mismatch] rerun tem/audit fd=3 out=C:\Users\micha\zGTFinal\outputs\publication_phd_final\policy_sweep\m0p0_b6_mb64\fd003 (checkpoint/config mismatch)
C:\Users\micha\AppData\Local\Programs\Python\Python313\python.exe C:\Users\micha\zGTFinal\scripts\run_tem_cmapss.py --fd 3 --data-root data/rul_datasets --checkpoint C:\Users\micha\zGTFinal\outputs\publication_phd_final\strict_main\fd003\model_fd003.pt --calibration C:\Users\micha\zGTFinal\outputs\publication_phd_final\strict_main\fd003\calibration_bundle_fd003.npz --alpha 0.05 --lambda-bet 0.07 --evidence-mode fixed_tau --tau-max 1000 --min-persistence 0.5 --alert-patience 3 --predict-batch-size 8192 --pvalue-safety-margin 0.0 --calibration-bins 6 --calibration-min-bin-size 64 --topology-level full --surface-topology-scope all --audit-cache C:\Users\micha\zGTFinal\outputs\publication_phd_final\policy_sweep\m0p0_b6_mb64\fd003\audit_cache_fd003.npz --out-dir C:\Users\micha\zGTFinal\outputs\publication_phd_final\policy_sweep\m0p0_b6_mb64\fd003
FD003 TEM complete | engines=100 | alert_rate=0.020 | tau_violation_rate=0.235 | rul_coverage=0.940
Saved: C:\Users\micha\zGTFinal\outputs\publication_phd_final\policy_sweep\m0p0_b6_mb64\fd003\tem_metrics_fd003.json
Saved audit cache: C:\Users\micha\zGTFinal\outputs\publication_phd_final\policy_sweep\m0p0_b6_mb64\fd003\audit_cache_fd003.npz
C:\Users\micha\AppData\Local\Programs\Python\Python313\python.exe C:\Users\micha\zGTFinal\scripts\audit_tem.py --fd 3 --data-root data/rul_datasets --checkpoint C:\Users\micha\zGTFinal\outputs\publication_phd_final\strict_main\fd003\model_fd003.pt --calibration C:\Users\micha\zGTFinal\outputs\publication_phd_final\strict_main\fd003\calibration_bundle_fd003.npz --alpha 0.05 --lambda-bet 0.07 --evidence-mode fixed_tau --tau-max 1000 --predict-batch-size 8192 --pvalue-safety-margin 0.0 --calibration-bins 6 --calibration-min-bin-size 64 --cache C:\Users\micha\zGTFinal\outputs\publication_phd_final\policy_sweep\m0p0_b6_mb64\fd003\audit_cache_fd003.npz --tem-metrics C:\Users\micha\zGTFinal\outputs\publication_phd_final\policy_sweep\m0p0_b6_mb64\fd003\tem_metrics_fd003.json --out-dir C:\Users\micha\zGTFinal\outputs\publication_phd_final\policy_sweep\m0p0_b6_mb64\fd003
Saved audit: C:\Users\micha\zGTFinal\outputs\publication_phd_final\policy_sweep\m0p0_b6_mb64\fd003\audit_fd003.json
FD003 audit | healthy mean_p=0.527 | tau_violation_rate=0.235
[reuse-mismatch] rerun tem/audit fd=3 out=C:\Users\micha\zGTFinal\outputs\publication_phd_final\policy_sweep\m0p0_b6_mb128\fd003 (checkpoint/config mismatch)
C:\Users\micha\AppData\Local\Programs\Python\Python313\python.exe C:\Users\micha\zGTFinal\scripts\run_tem_cmapss.py --fd 3 --data-root data/rul_datasets --checkpoint C:\Users\micha\zGTFinal\outputs\publication_phd_final\strict_main\fd003\model_fd003.pt --calibration C:\Users\micha\zGTFinal\outputs\publication_phd_final\strict_main\fd003\calibration_bundle_fd003.npz --alpha 0.05 --lambda-bet 0.07 --evidence-mode fixed_tau --tau-max 1000 --min-persistence 0.5 --alert-patience 3 --predict-batch-size 8192 --pvalue-safety-margin 0.0 --calibration-bins 6 --calibration-min-bin-size 128 --topology-level full --surface-topology-scope all --audit-cache C:\Users\micha\zGTFinal\outputs\publication_phd_final\policy_sweep\m0p0_b6_mb128\fd003\audit_cache_fd003.npz --out-dir C:\Users\micha\zGTFinal\outputs\publication_phd_final\policy_sweep\m0p0_b6_mb128\fd003
FD003 TEM complete | engines=100 | alert_rate=0.020 | tau_violation_rate=0.235 | rul_coverage=0.940
Saved: C:\Users\micha\zGTFinal\outputs\publication_phd_final\policy_sweep\m0p0_b6_mb128\fd003\tem_metrics_fd003.json
Saved audit cache: C:\Users\micha\zGTFinal\outputs\publication_phd_final\policy_sweep\m0p0_b6_mb128\fd003\audit_cache_fd003.npz
C:\Users\micha\AppData\Local\Programs\Python\Python313\python.exe C:\Users\micha\zGTFinal\scripts\audit_tem.py --fd 3 --data-root data/rul_datasets --checkpoint C:\Users\micha\zGTFinal\outputs\publication_phd_final\strict_main\fd003\model_fd003.pt --calibration C:\Users\micha\zGTFinal\outputs\publication_phd_final\strict_main\fd003\calibration_bundle_fd003.npz --alpha 0.05 --lambda-bet 0.07 --evidence-mode fixed_tau --tau-max 1000 --predict-batch-size 8192 --pvalue-safety-margin 0.0 --calibration-bins 6 --calibration-min-bin-size 128 --cache C:\Users\micha\zGTFinal\outputs\publication_phd_final\policy_sweep\m0p0_b6_mb128\fd003\audit_cache_fd003.npz --tem-metrics C:\Users\micha\zGTFinal\outputs\publication_phd_final\policy_sweep\m0p0_b6_mb128\fd003\tem_metrics_fd003.json --out-dir C:\Users\micha\zGTFinal\outputs\publication_phd_final\policy_sweep\m0p0_b6_mb128\fd003
Saved audit: C:\Users\micha\zGTFinal\outputs\publication_phd_final\policy_sweep\m0p0_b6_mb128\fd003\audit_fd003.json
FD003 audit | healthy mean_p=0.527 | tau_violation_rate=0.235
[reuse-mismatch] rerun tem/audit fd=3 out=C:\Users\micha\zGTFinal\outputs\publication_phd_final\policy_sweep\m0p0_b12_mb64\fd003 (checkpoint/config mismatch)
C:\Users\micha\AppData\Local\Programs\Python\Python313\python.exe C:\Users\micha\zGTFinal\scripts\run_tem_cmapss.py --fd 3 --data-root data/rul_datasets --checkpoint C:\Users\micha\zGTFinal\outputs\publication_phd_final\strict_main\fd003\model_fd003.pt --calibration C:\Users\micha\zGTFinal\outputs\publication_phd_final\strict_main\fd003\calibration_bundle_fd003.npz --alpha 0.05 --lambda-bet 0.07 --evidence-mode fixed_tau --tau-max 1000 --min-persistence 0.5 --alert-patience 3 --predict-batch-size 8192 --pvalue-safety-margin 0.0 --calibration-bins 12 --calibration-min-bin-size 64 --topology-level full --surface-topology-scope all --audit-cache C:\Users\micha\zGTFinal\outputs\publication_phd_final\policy_sweep\m0p0_b12_mb64\fd003\audit_cache_fd003.npz --out-dir C:\Users\micha\zGTFinal\outputs\publication_phd_final\policy_sweep\m0p0_b12_mb64\fd003
FD003 TEM complete | engines=100 | alert_rate=0.020 | tau_violation_rate=0.235 | rul_coverage=0.939
Saved: C:\Users\micha\zGTFinal\outputs\publication_phd_final\policy_sweep\m0p0_b12_mb64\fd003\tem_metrics_fd003.json
Saved audit cache: C:\Users\micha\zGTFinal\outputs\publication_phd_final\policy_sweep\m0p0_b12_mb64\fd003\audit_cache_fd003.npz
C:\Users\micha\AppData\Local\Programs\Python\Python313\python.exe C:\Users\micha\zGTFinal\scripts\audit_tem.py --fd 3 --data-root data/rul_datasets --checkpoint C:\Users\micha\zGTFinal\outputs\publication_phd_final\strict_main\fd003\model_fd003.pt --calibration C:\Users\micha\zGTFinal\outputs\publication_phd_final\strict_main\fd003\calibration_bundle_fd003.npz --alpha 0.05 --lambda-bet 0.07 --evidence-mode fixed_tau --tau-max 1000 --predict-batch-size 8192 --pvalue-safety-margin 0.0 --calibration-bins 12 --calibration-min-bin-size 64 --cache C:\Users\micha\zGTFinal\outputs\publication_phd_final\policy_sweep\m0p0_b12_mb64\fd003\audit_cache_fd003.npz --tem-metrics C:\Users\micha\zGTFinal\outputs\publication_phd_final\policy_sweep\m0p0_b12_mb64\fd003\tem_metrics_fd003.json --out-dir C:\Users\micha\zGTFinal\outputs\publication_phd_final\policy_sweep\m0p0_b12_mb64\fd003
Saved audit: C:\Users\micha\zGTFinal\outputs\publication_phd_final\policy_sweep\m0p0_b12_mb64\fd003\audit_fd003.json
FD003 audit | healthy mean_p=0.524 | tau_violation_rate=0.235
[reuse-mismatch] rerun tem/audit fd=3 out=C:\Users\micha\zGTFinal\outputs\publication_phd_final\policy_sweep\m0p0_b12_mb128\fd003 (checkpoint/config mismatch)
C:\Users\micha\AppData\Local\Programs\Python\Python313\python.exe C:\Users\micha\zGTFinal\scripts\run_tem_cmapss.py --fd 3 --data-root data/rul_datasets --checkpoint C:\Users\micha\zGTFinal\outputs\publication_phd_final\strict_main\fd003\model_fd003.pt --calibration C:\Users\micha\zGTFinal\outputs\publication_phd_final\strict_main\fd003\calibration_bundle_fd003.npz --alpha 0.05 --lambda-bet 0.07 --evidence-mode fixed_tau --tau-max 1000 --min-persistence 0.5 --alert-patience 3 --predict-batch-size 8192 --pvalue-safety-margin 0.0 --calibration-bins 12 --calibration-min-bin-size 128 --topology-level full --surface-topology-scope all --audit-cache C:\Users\micha\zGTFinal\outputs\publication_phd_final\policy_sweep\m0p0_b12_mb128\fd003\audit_cache_fd003.npz --out-dir C:\Users\micha\zGTFinal\outputs\publication_phd_final\policy_sweep\m0p0_b12_mb128\fd003
FD003 TEM complete | engines=100 | alert_rate=0.020 | tau_violation_rate=0.235 | rul_coverage=0.939
Saved: C:\Users\micha\zGTFinal\outputs\publication_phd_final\policy_sweep\m0p0_b12_mb128\fd003\tem_metrics_fd003.json
Saved audit cache: C:\Users\micha\zGTFinal\outputs\publication_phd_final\policy_sweep\m0p0_b12_mb128\fd003\audit_cache_fd003.npz
C:\Users\micha\AppData\Local\Programs\Python\Python313\python.exe C:\Users\micha\zGTFinal\scripts\audit_tem.py --fd 3 --data-root data/rul_datasets --checkpoint C:\Users\micha\zGTFinal\outputs\publication_phd_final\strict_main\fd003\model_fd003.pt --calibration C:\Users\micha\zGTFinal\outputs\publication_phd_final\strict_main\fd003\calibration_bundle_fd003.npz --alpha 0.05 --lambda-bet 0.07 --evidence-mode fixed_tau --tau-max 1000 --predict-batch-size 8192 --pvalue-safety-margin 0.0 --calibration-bins 12 --calibration-min-bin-size 128 --cache C:\Users\micha\zGTFinal\outputs\publication_phd_final\policy_sweep\m0p0_b12_mb128\fd003\audit_cache_fd003.npz --tem-metrics C:\Users\micha\zGTFinal\outputs\publication_phd_final\policy_sweep\m0p0_b12_mb128\fd003\tem_metrics_fd003.json --out-dir C:\Users\micha\zGTFinal\outputs\publication_phd_final\policy_sweep\m0p0_b12_mb128\fd003
Saved audit: C:\Users\micha\zGTFinal\outputs\publication_phd_final\policy_sweep\m0p0_b12_mb128\fd003\audit_fd003.json
FD003 audit | healthy mean_p=0.524 | tau_violation_rate=0.235
[reuse-mismatch] rerun tem/audit fd=3 out=C:\Users\micha\zGTFinal\outputs\publication_phd_final\policy_sweep\m0p18_b6_mb64\fd003 (checkpoint/config mismatch)
C:\Users\micha\AppData\Local\Programs\Python\Python313\python.exe C:\Users\micha\zGTFinal\scripts\run_tem_cmapss.py --fd 3 --data-root data/rul_datasets --checkpoint C:\Users\micha\zGTFinal\outputs\publication_phd_final\strict_main\fd003\model_fd003.pt --calibration C:\Users\micha\zGTFinal\outputs\publication_phd_final\strict_main\fd003\calibration_bundle_fd003.npz --alpha 0.05 --lambda-bet 0.07 --evidence-mode fixed_tau --tau-max 1000 --min-persistence 0.5 --alert-patience 3 --predict-batch-size 8192 --pvalue-safety-margin 0.18 --calibration-bins 6 --calibration-min-bin-size 64 --topology-level full --surface-topology-scope all --audit-cache C:\Users\micha\zGTFinal\outputs\publication_phd_final\policy_sweep\m0p18_b6_mb64\fd003\audit_cache_fd003.npz --out-dir C:\Users\micha\zGTFinal\outputs\publication_phd_final\policy_sweep\m0p18_b6_mb64\fd003
FD003 TEM complete | engines=100 | alert_rate=0.000 | tau_violation_rate=0.035 | rul_coverage=0.989
Saved: C:\Users\micha\zGTFinal\outputs\publication_phd_final\policy_sweep\m0p18_b6_mb64\fd003\tem_metrics_fd003.json
Saved audit cache: C:\Users\micha\zGTFinal\outputs\publication_phd_final\policy_sweep\m0p18_b6_mb64\fd003\audit_cache_fd003.npz
C:\Users\micha\AppData\Local\Programs\Python\Python313\python.exe C:\Users\micha\zGTFinal\scripts\audit_tem.py --fd 3 --data-root data/rul_datasets --checkpoint C:\Users\micha\zGTFinal\outputs\publication_phd_final\strict_main\fd003\model_fd003.pt --calibration C:\Users\micha\zGTFinal\outputs\publication_phd_final\strict_main\fd003\calibration_bundle_fd003.npz --alpha 0.05 --lambda-bet 0.07 --evidence-mode fixed_tau --tau-max 1000 --predict-batch-size 8192 --pvalue-safety-margin 0.18 --calibration-bins 6 --calibration-min-bin-size 64 --cache C:\Users\micha\zGTFinal\outputs\publication_phd_final\policy_sweep\m0p18_b6_mb64\fd003\audit_cache_fd003.npz --tem-metrics C:\Users\micha\zGTFinal\outputs\publication_phd_final\policy_sweep\m0p18_b6_mb64\fd003\tem_metrics_fd003.json --out-dir C:\Users\micha\zGTFinal\outputs\publication_phd_final\policy_sweep\m0p18_b6_mb64\fd003
Saved audit: C:\Users\micha\zGTFinal\outputs\publication_phd_final\policy_sweep\m0p18_b6_mb64\fd003\audit_fd003.json
FD003 audit | healthy mean_p=0.690 | tau_violation_rate=0.035
[reuse-mismatch] rerun tem/audit fd=3 out=C:\Users\micha\zGTFinal\outputs\publication_phd_final\policy_sweep\m0p18_b6_mb128\fd003 (checkpoint/config mismatch)
C:\Users\micha\AppData\Local\Programs\Python\Python313\python.exe C:\Users\micha\zGTFinal\scripts\run_tem_cmapss.py --fd 3 --data-root data/rul_datasets --checkpoint C:\Users\micha\zGTFinal\outputs\publication_phd_final\strict_main\fd003\model_fd003.pt --calibration C:\Users\micha\zGTFinal\outputs\publication_phd_final\strict_main\fd003\calibration_bundle_fd003.npz --alpha 0.05 --lambda-bet 0.07 --evidence-mode fixed_tau --tau-max 1000 --min-persistence 0.5 --alert-patience 3 --predict-batch-size 8192 --pvalue-safety-margin 0.18 --calibration-bins 6 --calibration-min-bin-size 128 --topology-level full --surface-topology-scope all --audit-cache C:\Users\micha\zGTFinal\outputs\publication_phd_final\policy_sweep\m0p18_b6_mb128\fd003\audit_cache_fd003.npz --out-dir C:\Users\micha\zGTFinal\outputs\publication_phd_final\policy_sweep\m0p18_b6_mb128\fd003
FD003 TEM complete | engines=100 | alert_rate=0.000 | tau_violation_rate=0.035 | rul_coverage=0.989
Saved: C:\Users\micha\zGTFinal\outputs\publication_phd_final\policy_sweep\m0p18_b6_mb128\fd003\tem_metrics_fd003.json
Saved audit cache: C:\Users\micha\zGTFinal\outputs\publication_phd_final\policy_sweep\m0p18_b6_mb128\fd003\audit_cache_fd003.npz
C:\Users\micha\AppData\Local\Programs\Python\Python313\python.exe C:\Users\micha\zGTFinal\scripts\audit_tem.py --fd 3 --data-root data/rul_datasets --checkpoint C:\Users\micha\zGTFinal\outputs\publication_phd_final\strict_main\fd003\model_fd003.pt --calibration C:\Users\micha\zGTFinal\outputs\publication_phd_final\strict_main\fd003\calibration_bundle_fd003.npz --alpha 0.05 --lambda-bet 0.07 --evidence-mode fixed_tau --tau-max 1000 --predict-batch-size 8192 --pvalue-safety-margin 0.18 --calibration-bins 6 --calibration-min-bin-size 128 --cache C:\Users\micha\zGTFinal\outputs\publication_phd_final\policy_sweep\m0p18_b6_mb128\fd003\audit_cache_fd003.npz --tem-metrics C:\Users\micha\zGTFinal\outputs\publication_phd_final\policy_sweep\m0p18_b6_mb128\fd003\tem_metrics_fd003.json --out-dir C:\Users\micha\zGTFinal\outputs\publication_phd_final\policy_sweep\m0p18_b6_mb128\fd003
Saved audit: C:\Users\micha\zGTFinal\outputs\publication_phd_final\policy_sweep\m0p18_b6_mb128\fd003\audit_fd003.json
FD003 audit | healthy mean_p=0.690 | tau_violation_rate=0.035
[reuse-mismatch] rerun tem/audit fd=3 out=C:\Users\micha\zGTFinal\outputs\publication_phd_final\policy_sweep\m0p18_b12_mb64\fd003 (checkpoint/config mismatch)
C:\Users\micha\AppData\Local\Programs\Python\Python313\python.exe C:\Users\micha\zGTFinal\scripts\run_tem_cmapss.py --fd 3 --data-root data/rul_datasets --checkpoint C:\Users\micha\zGTFinal\outputs\publication_phd_final\strict_main\fd003\model_fd003.pt --calibration C:\Users\micha\zGTFinal\outputs\publication_phd_final\strict_main\fd003\calibration_bundle_fd003.npz --alpha 0.05 --lambda-bet 0.07 --evidence-mode fixed_tau --tau-max 1000 --min-persistence 0.5 --alert-patience 3 --predict-batch-size 8192 --pvalue-safety-margin 0.18 --calibration-bins 12 --calibration-min-bin-size 64 --topology-level full --surface-topology-scope all --audit-cache C:\Users\micha\zGTFinal\outputs\publication_phd_final\policy_sweep\m0p18_b12_mb64\fd003\audit_cache_fd003.npz --out-dir C:\Users\micha\zGTFinal\outputs\publication_phd_final\policy_sweep\m0p18_b12_mb64\fd003
FD003 TEM complete | engines=100 | alert_rate=0.000 | tau_violation_rate=0.035 | rul_coverage=0.989
Saved: C:\Users\micha\zGTFinal\outputs\publication_phd_final\policy_sweep\m0p18_b12_mb64\fd003\tem_metrics_fd003.json
Saved audit cache: C:\Users\micha\zGTFinal\outputs\publication_phd_final\policy_sweep\m0p18_b12_mb64\fd003\audit_cache_fd003.npz
C:\Users\micha\AppData\Local\Programs\Python\Python313\python.exe C:\Users\micha\zGTFinal\scripts\audit_tem.py --fd 3 --data-root data/rul_datasets --checkpoint C:\Users\micha\zGTFinal\outputs\publication_phd_final\strict_main\fd003\model_fd003.pt --calibration C:\Users\micha\zGTFinal\outputs\publication_phd_final\strict_main\fd003\calibration_bundle_fd003.npz --alpha 0.05 --lambda-bet 0.07 --evidence-mode fixed_tau --tau-max 1000 --predict-batch-size 8192 --pvalue-safety-margin 0.18 --calibration-bins 12 --calibration-min-bin-size 64 --cache C:\Users\micha\zGTFinal\outputs\publication_phd_final\policy_sweep\m0p18_b12_mb64\fd003\audit_cache_fd003.npz --tem-metrics C:\Users\micha\zGTFinal\outputs\publication_phd_final\policy_sweep\m0p18_b12_mb64\fd003\tem_metrics_fd003.json --out-dir C:\Users\micha\zGTFinal\outputs\publication_phd_final\policy_sweep\m0p18_b12_mb64\fd003
Saved audit: C:\Users\micha\zGTFinal\outputs\publication_phd_final\policy_sweep\m0p18_b12_mb64\fd003\audit_fd003.json
FD003 audit | healthy mean_p=0.687 | tau_violation_rate=0.035
[reuse-mismatch] rerun tem/audit fd=3 out=C:\Users\micha\zGTFinal\outputs\publication_phd_final\policy_sweep\m0p18_b12_mb128\fd003 (checkpoint/config mismatch)
C:\Users\micha\AppData\Local\Programs\Python\Python313\python.exe C:\Users\micha\zGTFinal\scripts\run_tem_cmapss.py --fd 3 --data-root data/rul_datasets --checkpoint C:\Users\micha\zGTFinal\outputs\publication_phd_final\strict_main\fd003\model_fd003.pt --calibration C:\Users\micha\zGTFinal\outputs\publication_phd_final\strict_main\fd003\calibration_bundle_fd003.npz --alpha 0.05 --lambda-bet 0.07 --evidence-mode fixed_tau --tau-max 1000 --min-persistence 0.5 --alert-patience 3 --predict-batch-size 8192 --pvalue-safety-margin 0.18 --calibration-bins 12 --calibration-min-bin-size 128 --topology-level full --surface-topology-scope all --audit-cache C:\Users\micha\zGTFinal\outputs\publication_phd_final\policy_sweep\m0p18_b12_mb128\fd003\audit_cache_fd003.npz --out-dir C:\Users\micha\zGTFinal\outputs\publication_phd_final\policy_sweep\m0p18_b12_mb128\fd003
FD003 TEM complete | engines=100 | alert_rate=0.000 | tau_violation_rate=0.035 | rul_coverage=0.989
Saved: C:\Users\micha\zGTFinal\outputs\publication_phd_final\policy_sweep\m0p18_b12_mb128\fd003\tem_metrics_fd003.json
Saved audit cache: C:\Users\micha\zGTFinal\outputs\publication_phd_final\policy_sweep\m0p18_b12_mb128\fd003\audit_cache_fd003.npz
C:\Users\micha\AppData\Local\Programs\Python\Python313\python.exe C:\Users\micha\zGTFinal\scripts\audit_tem.py --fd 3 --data-root data/rul_datasets --checkpoint C:\Users\micha\zGTFinal\outputs\publication_phd_final\strict_main\fd003\model_fd003.pt --calibration C:\Users\micha\zGTFinal\outputs\publication_phd_final\strict_main\fd003\calibration_bundle_fd003.npz --alpha 0.05 --lambda-bet 0.07 --evidence-mode fixed_tau --tau-max 1000 --predict-batch-size 8192 --pvalue-safety-margin 0.18 --calibration-bins 12 --calibration-min-bin-size 128 --cache C:\Users\micha\zGTFinal\outputs\publication_phd_final\policy_sweep\m0p18_b12_mb128\fd003\audit_cache_fd003.npz --tem-metrics C:\Users\micha\zGTFinal\outputs\publication_phd_final\policy_sweep\m0p18_b12_mb128\fd003\tem_metrics_fd003.json --out-dir C:\Users\micha\zGTFinal\outputs\publication_phd_final\policy_sweep\m0p18_b12_mb128\fd003
Saved audit: C:\Users\micha\zGTFinal\outputs\publication_phd_final\policy_sweep\m0p18_b12_mb128\fd003\audit_fd003.json
FD003 audit | healthy mean_p=0.687 | tau_violation_rate=0.035
C:\Users\micha\AppData\Local\Programs\Python\Python313\python.exe C:\Users\micha\zGTFinal\scripts\deep_check_results.py --outputs-root C:\Users\micha\zGTFinal\outputs\publication_phd_final --report-path C:\Users\micha\zGTFinal\outputs\publication_phd_final\deep_check_report_all.json
Scanned: {'tem_metrics': 80, 'audit': 80, 'synthetic': 9}
Findings: 39
Saved report: C:\Users\micha\zGTFinal\outputs\publication_phd_final\deep_check_report_all.json
Saved JSON: C:\Users\micha\zGTFinal\outputs\publication_phd_final_report.json
Saved Markdown: C:\Users\micha\zGTFinal\outputs\publication_phd_final_report.md
